mode: atomic
C:\Users\m.burza\ONEDRI~1\Projects\skills\algorithm-design\geeksforgeeks.org\6310-find-the-nearest-locker-in-the-city\find_the_nearest_locker_in_the_city.go:8.78,9.16 1 4
C:\Users\m.burza\ONEDRI~1\Projects\skills\algorithm-design\geeksforgeeks.org\6310-find-the-nearest-locker-in-the-city\find_the_nearest_locker_in_the_city.go:12.2,12.12 1 4
C:\Users\m.burza\ONEDRI~1\Projects\skills\algorithm-design\geeksforgeeks.org\6310-find-the-nearest-locker-in-the-city\find_the_nearest_locker_in_the_city.go:9.16,11.3 1 0
C:\Users\m.burza\ONEDRI~1\Projects\skills\algorithm-design\geeksforgeeks.org\666\argh.go:3.19,4.12 1 1
C:\Users\m.burza\ONEDRI~1\Projects\skills\algorithm-design\geeksforgeeks.org\666\argh.go:7.2,7.10 1 1
C:\Users\m.burza\ONEDRI~1\Projects\skills\algorithm-design\geeksforgeeks.org\666\argh.go:4.12,6.3 1 0
